<?xml version="1.0" encoding="UTF-8"?>
<coverage generated="1692093688182" clover="3.2.0">
  <project timestamp="1692093688183" name="All files">
    <metrics statements="129" coveredstatements="113" conditionals="40" coveredconditionals="31" methods="27" coveredmethods="23" elements="196" coveredelements="167" complexity="0" loc="129" ncloc="129" packages="9" files="18" classes="18"/>
    <package name="application">
      <metrics statements="17" coveredstatements="17" conditionals="0" coveredconditionals="0" methods="0" coveredmethods="0"/>
      <file name="prisma.js" path="D:\ngoding\Node\APIs\quiz\src\application\prisma.js">
        <metrics statements="1" coveredstatements="1" conditionals="0" coveredconditionals="0" methods="0" coveredmethods="0"/>
        <line num="3" count="1" type="stmt"/>
      </file>
      <file name="web.js" path="D:\ngoding\Node\APIs\quiz\src\application\web.js">
        <metrics statements="16" coveredstatements="16" conditionals="0" coveredconditionals="0" methods="0" coveredmethods="0"/>
        <line num="18" count="1" type="stmt"/>
        <line num="19" count="1" type="stmt"/>
        <line num="21" count="1" type="stmt"/>
        <line num="22" count="1" type="stmt"/>
        <line num="23" count="1" type="stmt"/>
        <line num="24" count="1" type="stmt"/>
        <line num="25" count="1" type="stmt"/>
        <line num="26" count="1" type="stmt"/>
        <line num="27" count="1" type="stmt"/>
        <line num="28" count="1" type="stmt"/>
        <line num="29" count="1" type="stmt"/>
        <line num="31" count="1" type="stmt"/>
        <line num="32" count="1" type="stmt"/>
        <line num="33" count="1" type="stmt"/>
        <line num="34" count="1" type="stmt"/>
        <line num="35" count="1" type="stmt"/>
      </file>
    </package>
    <package name="config">
      <metrics statements="22" coveredstatements="18" conditionals="8" coveredconditionals="6" methods="6" coveredmethods="5"/>
      <file name="cors.js" path="D:\ngoding\Node\APIs\quiz\src\config\cors.js">
        <metrics statements="1" coveredstatements="1" conditionals="0" coveredconditionals="0" methods="0" coveredmethods="0"/>
        <line num="1" count="1" type="stmt"/>
      </file>
      <file name="passport.js" path="D:\ngoding\Node\APIs\quiz\src\config\passport.js">
        <metrics statements="15" coveredstatements="14" conditionals="6" coveredconditionals="5" methods="4" coveredmethods="4"/>
        <line num="7" count="1" type="stmt"/>
        <line num="9" count="3" type="stmt"/>
        <line num="10" count="3" type="cond" truecount="2" falsecount="0"/>
        <line num="11" count="1" type="stmt"/>
        <line num="13" count="2" type="cond" truecount="2" falsecount="0"/>
        <line num="14" count="1" type="stmt"/>
        <line num="16" count="1" type="stmt"/>
        <line num="19" count="1" type="stmt"/>
        <line num="20" count="1" type="stmt"/>
        <line num="23" count="1" type="stmt"/>
        <line num="25" count="1" type="stmt"/>
        <line num="26" count="3" type="stmt"/>
        <line num="29" count="3" type="cond" truecount="1" falsecount="1"/>
        <line num="30" count="0" type="stmt"/>
        <line num="33" count="3" type="stmt"/>
      </file>
      <file name="rate-limit.js" path="D:\ngoding\Node\APIs\quiz\src\config\rate-limit.js">
        <metrics statements="1" coveredstatements="1" conditionals="0" coveredconditionals="0" methods="0" coveredmethods="0"/>
        <line num="3" count="1" type="stmt"/>
      </file>
      <file name="session.js" path="D:\ngoding\Node\APIs\quiz\src\config\session.js">
        <metrics statements="5" coveredstatements="2" conditionals="2" coveredconditionals="1" methods="2" coveredmethods="1"/>
        <line num="5" count="1" type="stmt"/>
        <line num="7" count="0" type="stmt"/>
        <line num="8" count="0" type="stmt"/>
        <line num="18" count="0" type="stmt"/>
        <line num="23" count="1" type="stmt"/>
      </file>
    </package>
    <package name="controller">
      <metrics statements="30" coveredstatements="25" conditionals="6" coveredconditionals="4" methods="7" coveredmethods="7"/>
      <file name="user-controller.js" path="D:\ngoding\Node\APIs\quiz\src\controller\user-controller.js">
        <metrics statements="30" coveredstatements="25" conditionals="6" coveredconditionals="4" methods="7" coveredmethods="7"/>
        <line num="5" count="1" type="stmt"/>
        <line num="6" count="4" type="stmt"/>
        <line num="7" count="4" type="stmt"/>
        <line num="8" count="1" type="stmt"/>
        <line num="15" count="3" type="stmt"/>
        <line num="19" count="1" type="stmt"/>
        <line num="20" count="3" type="stmt"/>
        <line num="21" count="3" type="stmt"/>
        <line num="22" count="3" type="stmt"/>
        <line num="23" count="3" type="cond" truecount="2" falsecount="0"/>
        <line num="24" count="2" type="stmt"/>
        <line num="33" count="1" type="stmt"/>
        <line num="34" count="1" type="cond" truecount="1" falsecount="1"/>
        <line num="35" count="0" type="stmt"/>
        <line num="41" count="1" type="stmt"/>
        <line num="42" count="1" type="stmt"/>
        <line num="51" count="0" type="stmt"/>
        <line num="55" count="1" type="stmt"/>
        <line num="56" count="1" type="stmt"/>
        <line num="57" count="1" type="cond" truecount="1" falsecount="1"/>
        <line num="58" count="0" type="stmt"/>
        <line num="62" count="1" type="stmt"/>
        <line num="63" count="1" type="stmt"/>
        <line num="64" count="1" type="stmt"/>
        <line num="72" count="1" type="stmt"/>
        <line num="73" count="1" type="stmt"/>
        <line num="74" count="1" type="stmt"/>
        <line num="75" count="0" type="stmt"/>
        <line num="76" count="0" type="stmt"/>
        <line num="85" count="1" type="stmt"/>
      </file>
    </package>
    <package name="error">
      <metrics statements="5" coveredstatements="5" conditionals="4" coveredconditionals="4" methods="1" coveredmethods="1"/>
      <file name="ResponseError.js" path="D:\ngoding\Node\APIs\quiz\src\error\ResponseError.js">
        <metrics statements="5" coveredstatements="5" conditionals="4" coveredconditionals="4" methods="1" coveredmethods="1"/>
        <line num="3" count="7" type="stmt"/>
        <line num="4" count="7" type="stmt"/>
        <line num="5" count="7" type="stmt"/>
        <line num="6" count="7" type="cond" truecount="2" falsecount="0"/>
        <line num="7" count="7" type="cond" truecount="2" falsecount="0"/>
      </file>
    </package>
    <package name="middleware">
      <metrics statements="18" coveredstatements="17" conditionals="10" coveredconditionals="9" methods="5" coveredmethods="5"/>
      <file name="errorMiddleware.js" path="D:\ngoding\Node\APIs\quiz\src\middleware\errorMiddleware.js">
        <metrics statements="6" coveredstatements="5" conditionals="4" coveredconditionals="3" methods="1" coveredmethods="1"/>
        <line num="4" count="8" type="cond" truecount="1" falsecount="1"/>
        <line num="5" count="0" type="stmt"/>
        <line num="8" count="8" type="cond" truecount="2" falsecount="0"/>
        <line num="9" count="7" type="stmt"/>
        <line num="17" count="1" type="stmt"/>
        <line num="18" count="1" type="stmt"/>
      </file>
      <file name="jwtMiddleware.js" path="D:\ngoding\Node\APIs\quiz\src\middleware\jwtMiddleware.js">
        <metrics statements="6" coveredstatements="6" conditionals="2" coveredconditionals="2" methods="2" coveredmethods="2"/>
        <line num="5" count="2" type="stmt"/>
        <line num="6" count="2" type="stmt"/>
        <line num="8" count="2" type="stmt"/>
        <line num="9" count="2" type="cond" truecount="2" falsecount="0"/>
        <line num="10" count="1" type="stmt"/>
        <line num="15" count="1" type="stmt"/>
      </file>
      <file name="passportMiddlewares.js" path="D:\ngoding\Node\APIs\quiz\src\middleware\passportMiddlewares.js">
        <metrics statements="6" coveredstatements="6" conditionals="4" coveredconditionals="4" methods="2" coveredmethods="2"/>
        <line num="4" count="4" type="cond" truecount="2" falsecount="0"/>
        <line num="5" count="2" type="stmt"/>
        <line num="7" count="2" type="stmt"/>
        <line num="11" count="9" type="cond" truecount="2" falsecount="0"/>
        <line num="12" count="1" type="stmt"/>
        <line num="14" count="8" type="stmt"/>
      </file>
    </package>
    <package name="routes">
      <metrics statements="7" coveredstatements="7" conditionals="0" coveredconditionals="0" methods="0" coveredmethods="0"/>
      <file name="privateRoute.js" path="D:\ngoding\Node\APIs\quiz\src\routes\privateRoute.js">
        <metrics statements="2" coveredstatements="2" conditionals="0" coveredconditionals="0" methods="0" coveredmethods="0"/>
        <line num="6" count="1" type="stmt"/>
        <line num="8" count="1" type="stmt"/>
      </file>
      <file name="publicRoute.js" path="D:\ngoding\Node\APIs\quiz\src\routes\publicRoute.js">
        <metrics statements="5" coveredstatements="5" conditionals="0" coveredconditionals="0" methods="0" coveredmethods="0"/>
        <line num="5" count="1" type="stmt"/>
        <line num="8" count="1" type="stmt"/>
        <line num="9" count="1" type="stmt"/>
        <line num="10" count="1" type="stmt"/>
        <line num="12" count="1" type="stmt"/>
      </file>
    </package>
    <package name="services">
      <metrics statements="14" coveredstatements="12" conditionals="2" coveredconditionals="2" methods="3" coveredmethods="2"/>
      <file name="user-service.js" path="D:\ngoding\Node\APIs\quiz\src\services\user-service.js">
        <metrics statements="14" coveredstatements="12" conditionals="2" coveredconditionals="2" methods="3" coveredmethods="2"/>
        <line num="9" count="1" type="stmt"/>
        <line num="10" count="4" type="stmt"/>
        <line num="11" count="3" type="stmt"/>
        <line num="12" count="2" type="stmt"/>
        <line num="13" count="2" type="cond" truecount="2" falsecount="0"/>
        <line num="14" count="1" type="stmt"/>
        <line num="17" count="1" type="stmt"/>
        <line num="18" count="1" type="stmt"/>
        <line num="20" count="1" type="stmt"/>
        <line num="30" count="1" type="stmt"/>
        <line num="31" count="3" type="stmt"/>
        <line num="34" count="1" type="stmt"/>
        <line num="35" count="0" type="stmt"/>
        <line num="36" count="0" type="stmt"/>
      </file>
    </package>
    <package name="utils">
      <metrics statements="9" coveredstatements="5" conditionals="8" coveredconditionals="4" methods="4" coveredmethods="2"/>
      <file name="jwt.js" path="D:\ngoding\Node\APIs\quiz\src\utils\jwt.js">
        <metrics statements="6" coveredstatements="2" conditionals="6" coveredconditionals="2" methods="3" coveredmethods="1"/>
        <line num="5" count="2" type="stmt"/>
        <line num="11" count="2" type="stmt"/>
        <line num="15" count="0" type="stmt"/>
        <line num="16" count="0" type="cond" truecount="0" falsecount="2"/>
        <line num="17" count="0" type="stmt"/>
        <line num="23" count="0" type="stmt"/>
      </file>
      <file name="passStrengthCheck.js" path="D:\ngoding\Node\APIs\quiz\src\utils\passStrengthCheck.js">
        <metrics statements="3" coveredstatements="3" conditionals="2" coveredconditionals="2" methods="1" coveredmethods="1"/>
        <line num="5" count="3" type="stmt"/>
        <line num="6" count="3" type="cond" truecount="2" falsecount="0"/>
        <line num="7" count="1" type="stmt"/>
      </file>
    </package>
    <package name="validation">
      <metrics statements="7" coveredstatements="7" conditionals="2" coveredconditionals="2" methods="1" coveredmethods="1"/>
      <file name="user-validate.js" path="D:\ngoding\Node\APIs\quiz\src\validation\user-validate.js">
        <metrics statements="2" coveredstatements="2" conditionals="0" coveredconditionals="0" methods="0" coveredmethods="0"/>
        <line num="3" count="1" type="stmt"/>
        <line num="13" count="1" type="stmt"/>
      </file>
      <file name="validate.js" path="D:\ngoding\Node\APIs\quiz\src\validation\validate.js">
        <metrics statements="5" coveredstatements="5" conditionals="2" coveredconditionals="2" methods="1" coveredmethods="1"/>
        <line num="3" count="1" type="stmt"/>
        <line num="4" count="7" type="stmt"/>
        <line num="6" count="7" type="cond" truecount="2" falsecount="0"/>
        <line num="7" count="1" type="stmt"/>
        <line num="9" count="6" type="stmt"/>
      </file>
    </package>
  </project>
</coverage>
