<?xml version="1.0" encoding="UTF-8"?>
<coverage generated="1693140084658" clover="3.2.0">
  <project timestamp="1693140084659" name="All files">
    <metrics statements="232" coveredstatements="220" conditionals="58" coveredconditionals="52" methods="45" coveredmethods="44" elements="335" coveredelements="316" complexity="0" loc="232" ncloc="232" packages="9" files="26" classes="26"/>
    <package name="application">
      <metrics statements="18" coveredstatements="18" conditionals="0" coveredconditionals="0" methods="0" coveredmethods="0"/>
      <file name="prisma.js" path="D:\ngoding\Node\APIs\quiz\src\application\prisma.js">
        <metrics statements="1" coveredstatements="1" conditionals="0" coveredconditionals="0" methods="0" coveredmethods="0"/>
        <line num="3" count="3" type="stmt"/>
      </file>
      <file name="web.js" path="D:\ngoding\Node\APIs\quiz\src\application\web.js">
        <metrics statements="17" coveredstatements="17" conditionals="0" coveredconditionals="0" methods="0" coveredmethods="0"/>
        <line num="20" count="3" type="stmt"/>
        <line num="21" count="3" type="stmt"/>
        <line num="23" count="3" type="stmt"/>
        <line num="24" count="3" type="stmt"/>
        <line num="25" count="3" type="stmt"/>
        <line num="26" count="3" type="stmt"/>
        <line num="27" count="3" type="stmt"/>
        <line num="28" count="3" type="stmt"/>
        <line num="29" count="3" type="stmt"/>
        <line num="30" count="3" type="stmt"/>
        <line num="31" count="3" type="stmt"/>
        <line num="33" count="3" type="stmt"/>
        <line num="34" count="3" type="stmt"/>
        <line num="35" count="3" type="stmt"/>
        <line num="36" count="3" type="stmt"/>
        <line num="37" count="3" type="stmt"/>
        <line num="38" count="3" type="stmt"/>
      </file>
    </package>
    <package name="config">
      <metrics statements="22" coveredstatements="18" conditionals="8" coveredconditionals="6" methods="6" coveredmethods="5"/>
      <file name="cors.js" path="D:\ngoding\Node\APIs\quiz\src\config\cors.js">
        <metrics statements="1" coveredstatements="1" conditionals="0" coveredconditionals="0" methods="0" coveredmethods="0"/>
        <line num="1" count="3" type="stmt"/>
      </file>
      <file name="passport.js" path="D:\ngoding\Node\APIs\quiz\src\config\passport.js">
        <metrics statements="15" coveredstatements="14" conditionals="6" coveredconditionals="5" methods="4" coveredmethods="4"/>
        <line num="7" count="3" type="stmt"/>
        <line num="9" count="7" type="stmt"/>
        <line num="10" count="7" type="cond" truecount="2" falsecount="0"/>
        <line num="11" count="1" type="stmt"/>
        <line num="13" count="6" type="cond" truecount="2" falsecount="0"/>
        <line num="14" count="1" type="stmt"/>
        <line num="16" count="5" type="stmt"/>
        <line num="19" count="3" type="stmt"/>
        <line num="20" count="5" type="stmt"/>
        <line num="26" count="5" type="stmt"/>
        <line num="31" count="3" type="stmt"/>
        <line num="32" count="31" type="stmt"/>
        <line num="35" count="31" type="cond" truecount="1" falsecount="1"/>
        <line num="36" count="0" type="stmt"/>
        <line num="39" count="31" type="stmt"/>
      </file>
      <file name="rate-limit.js" path="D:\ngoding\Node\APIs\quiz\src\config\rate-limit.js">
        <metrics statements="1" coveredstatements="1" conditionals="0" coveredconditionals="0" methods="0" coveredmethods="0"/>
        <line num="3" count="3" type="stmt"/>
      </file>
      <file name="session.js" path="D:\ngoding\Node\APIs\quiz\src\config\session.js">
        <metrics statements="5" coveredstatements="2" conditionals="2" coveredconditionals="1" methods="2" coveredmethods="1"/>
        <line num="5" count="3" type="stmt"/>
        <line num="7" count="0" type="stmt"/>
        <line num="8" count="0" type="stmt"/>
        <line num="17" count="0" type="stmt"/>
        <line num="21" count="3" type="stmt"/>
      </file>
    </package>
    <package name="controller">
      <metrics statements="68" coveredstatements="64" conditionals="8" coveredconditionals="6" methods="15" coveredmethods="15"/>
      <file name="question-controller.js" path="D:\ngoding\Node\APIs\quiz\src\controller\question-controller.js">
        <metrics statements="10" coveredstatements="10" conditionals="0" coveredconditionals="0" methods="2" coveredmethods="2"/>
        <line num="3" count="3" type="stmt"/>
        <line num="4" count="4" type="stmt"/>
        <line num="5" count="4" type="stmt"/>
        <line num="6" count="1" type="stmt"/>
        <line num="13" count="3" type="stmt"/>
        <line num="17" count="3" type="stmt"/>
        <line num="18" count="3" type="stmt"/>
        <line num="19" count="3" type="stmt"/>
        <line num="20" count="1" type="stmt"/>
        <line num="29" count="2" type="stmt"/>
      </file>
      <file name="subject-controller.js" path="D:\ngoding\Node\APIs\quiz\src\controller\subject-controller.js">
        <metrics statements="17" coveredstatements="17" conditionals="2" coveredconditionals="2" methods="3" coveredmethods="3"/>
        <line num="4" count="3" type="stmt"/>
        <line num="5" count="4" type="stmt"/>
        <line num="6" count="4" type="stmt"/>
        <line num="7" count="2" type="stmt"/>
        <line num="14" count="2" type="stmt"/>
        <line num="18" count="3" type="stmt"/>
        <line num="19" count="3" type="stmt"/>
        <line num="20" count="3" type="stmt"/>
        <line num="21" count="1" type="stmt"/>
        <line num="28" count="2" type="stmt"/>
        <line num="32" count="3" type="stmt"/>
        <line num="33" count="3" type="stmt"/>
        <line num="34" count="3" type="stmt"/>
        <line num="35" count="3" type="cond" truecount="2" falsecount="0"/>
        <line num="36" count="1" type="stmt"/>
        <line num="38" count="2" type="stmt"/>
        <line num="45" count="1" type="stmt"/>
      </file>
      <file name="user-controller.js" path="D:\ngoding\Node\APIs\quiz\src\controller\user-controller.js">
        <metrics statements="41" coveredstatements="37" conditionals="6" coveredconditionals="4" methods="10" coveredmethods="10"/>
        <line num="6" count="3" type="stmt"/>
        <line num="7" count="5" type="stmt"/>
        <line num="8" count="5" type="stmt"/>
        <line num="9" count="2" type="stmt"/>
        <line num="16" count="3" type="stmt"/>
        <line num="20" count="3" type="stmt"/>
        <line num="21" count="8" type="stmt"/>
        <line num="22" count="8" type="stmt"/>
        <line num="23" count="7" type="stmt"/>
        <line num="24" count="7" type="cond" truecount="2" falsecount="0"/>
        <line num="25" count="2" type="stmt"/>
        <line num="34" count="5" type="stmt"/>
        <line num="35" count="5" type="cond" truecount="1" falsecount="1"/>
        <line num="36" count="0" type="stmt"/>
        <line num="42" count="5" type="stmt"/>
        <line num="43" count="5" type="stmt"/>
        <line num="52" count="1" type="stmt"/>
        <line num="56" count="3" type="stmt"/>
        <line num="57" count="1" type="stmt"/>
        <line num="58" count="1" type="cond" truecount="1" falsecount="1"/>
        <line num="59" count="0" type="stmt"/>
        <line num="63" count="1" type="stmt"/>
        <line num="64" count="1" type="stmt"/>
        <line num="65" count="1" type="stmt"/>
        <line num="73" count="3" type="stmt"/>
        <line num="74" count="1" type="stmt"/>
        <line num="75" count="1" type="stmt"/>
        <line num="76" count="1" type="stmt"/>
        <line num="77" count="1" type="stmt"/>
        <line num="86" count="0" type="stmt"/>
        <line num="90" count="3" type="stmt"/>
        <line num="91" count="2" type="stmt"/>
        <line num="92" count="2" type="stmt"/>
        <line num="96" count="1" type="stmt"/>
        <line num="105" count="1" type="stmt"/>
        <line num="109" count="3" type="stmt"/>
        <line num="110" count="4" type="stmt"/>
        <line num="111" count="4" type="stmt"/>
        <line num="115" count="4" type="stmt"/>
        <line num="120" count="4" type="stmt"/>
        <line num="129" count="0" type="stmt"/>
      </file>
    </package>
    <package name="error">
      <metrics statements="5" coveredstatements="5" conditionals="4" coveredconditionals="4" methods="1" coveredmethods="1"/>
      <file name="ResponseError.js" path="D:\ngoding\Node\APIs\quiz\src\error\ResponseError.js">
        <metrics statements="5" coveredstatements="5" conditionals="4" coveredconditionals="4" methods="1" coveredmethods="1"/>
        <line num="3" count="33" type="stmt"/>
        <line num="4" count="33" type="stmt"/>
        <line num="5" count="33" type="stmt"/>
        <line num="6" count="33" type="cond" truecount="2" falsecount="0"/>
        <line num="7" count="33" type="cond" truecount="2" falsecount="0"/>
      </file>
    </package>
    <package name="middleware">
      <metrics statements="23" coveredstatements="20" conditionals="14" coveredconditionals="12" methods="6" coveredmethods="6"/>
      <file name="adminAuthMiddleware.js" path="D:\ngoding\Node\APIs\quiz\src\middleware\adminAuthMiddleware.js">
        <metrics statements="5" coveredstatements="5" conditionals="4" coveredconditionals="4" methods="1" coveredmethods="1"/>
        <line num="3" count="3" type="stmt"/>
        <line num="4" count="12" type="stmt"/>
        <line num="5" count="12" type="cond" truecount="4" falsecount="0"/>
        <line num="6" count="11" type="stmt"/>
        <line num="8" count="1" type="stmt"/>
      </file>
      <file name="errorMiddleware.js" path="D:\ngoding\Node\APIs\quiz\src\middleware\errorMiddleware.js">
        <metrics statements="6" coveredstatements="3" conditionals="4" coveredconditionals="2" methods="1" coveredmethods="1"/>
        <line num="4" count="33" type="cond" truecount="1" falsecount="1"/>
        <line num="5" count="0" type="stmt"/>
        <line num="7" count="33" type="cond" truecount="1" falsecount="1"/>
        <line num="8" count="33" type="stmt"/>
        <line num="16" count="0" type="stmt"/>
        <line num="17" count="0" type="stmt"/>
      </file>
      <file name="jwtMiddleware.js" path="D:\ngoding\Node\APIs\quiz\src\middleware\jwtMiddleware.js">
        <metrics statements="6" coveredstatements="6" conditionals="2" coveredconditionals="2" methods="2" coveredmethods="2"/>
        <line num="5" count="29" type="stmt"/>
        <line num="6" count="29" type="stmt"/>
        <line num="8" count="29" type="stmt"/>
        <line num="9" count="29" type="cond" truecount="2" falsecount="0"/>
        <line num="10" count="7" type="stmt"/>
        <line num="15" count="22" type="stmt"/>
      </file>
      <file name="passportMiddlewares.js" path="D:\ngoding\Node\APIs\quiz\src\middleware\passportMiddlewares.js">
        <metrics statements="6" coveredstatements="6" conditionals="4" coveredconditionals="4" methods="2" coveredmethods="2"/>
        <line num="4" count="39" type="cond" truecount="2" falsecount="0"/>
        <line num="5" count="30" type="stmt"/>
        <line num="7" count="9" type="stmt"/>
        <line num="11" count="14" type="cond" truecount="2" falsecount="0"/>
        <line num="12" count="1" type="stmt"/>
        <line num="14" count="13" type="stmt"/>
      </file>
    </package>
    <package name="routes">
      <metrics statements="15" coveredstatements="15" conditionals="0" coveredconditionals="0" methods="0" coveredmethods="0"/>
      <file name="adminRoute.js" path="D:\ngoding\Node\APIs\quiz\src\routes\adminRoute.js">
        <metrics statements="4" coveredstatements="4" conditionals="0" coveredconditionals="0" methods="0" coveredmethods="0"/>
        <line num="5" count="3" type="stmt"/>
        <line num="9" count="3" type="stmt"/>
        <line num="10" count="3" type="stmt"/>
        <line num="11" count="3" type="stmt"/>
      </file>
      <file name="privateRoute.js" path="D:\ngoding\Node\APIs\quiz\src\routes\privateRoute.js">
        <metrics statements="5" coveredstatements="5" conditionals="0" coveredconditionals="0" methods="0" coveredmethods="0"/>
        <line num="6" count="3" type="stmt"/>
        <line num="9" count="3" type="stmt"/>
        <line num="10" count="3" type="stmt"/>
        <line num="11" count="3" type="stmt"/>
        <line num="16" count="3" type="stmt"/>
      </file>
      <file name="publicRoute.js" path="D:\ngoding\Node\APIs\quiz\src\routes\publicRoute.js">
        <metrics statements="6" coveredstatements="6" conditionals="0" coveredconditionals="0" methods="0" coveredmethods="0"/>
        <line num="6" count="3" type="stmt"/>
        <line num="9" count="3" type="stmt"/>
        <line num="10" count="3" type="stmt"/>
        <line num="11" count="3" type="stmt"/>
        <line num="13" count="3" type="stmt"/>
        <line num="15" count="3" type="stmt"/>
      </file>
    </package>
    <package name="services">
      <metrics statements="59" coveredstatements="59" conditionals="16" coveredconditionals="16" methods="13" coveredmethods="13"/>
      <file name="question-service.js" path="D:\ngoding\Node\APIs\quiz\src\services\question-service.js">
        <metrics statements="15" coveredstatements="15" conditionals="6" coveredconditionals="6" methods="2" coveredmethods="2"/>
        <line num="9" count="3" type="stmt"/>
        <line num="10" count="4" type="stmt"/>
        <line num="12" count="3" type="stmt"/>
        <line num="18" count="3" type="cond" truecount="2" falsecount="0"/>
        <line num="19" count="1" type="stmt"/>
        <line num="22" count="2" type="stmt"/>
        <line num="28" count="2" type="cond" truecount="2" falsecount="0"/>
        <line num="29" count="1" type="stmt"/>
        <line num="32" count="1" type="stmt"/>
        <line num="35" count="3" type="stmt"/>
        <line num="36" count="3" type="stmt"/>
        <line num="38" count="2" type="stmt"/>
        <line num="43" count="2" type="cond" truecount="2" falsecount="0"/>
        <line num="44" count="1" type="stmt"/>
        <line num="46" count="1" type="stmt"/>
      </file>
      <file name="subject-service.js" path="D:\ngoding\Node\APIs\quiz\src\services\subject-service.js">
        <metrics statements="14" coveredstatements="14" conditionals="4" coveredconditionals="4" methods="3" coveredmethods="3"/>
        <line num="9" count="3" type="stmt"/>
        <line num="10" count="4" type="stmt"/>
        <line num="12" count="3" type="stmt"/>
        <line num="15" count="3" type="cond" truecount="2" falsecount="0"/>
        <line num="16" count="1" type="stmt"/>
        <line num="19" count="2" type="stmt"/>
        <line num="25" count="3" type="stmt"/>
        <line num="26" count="3" type="stmt"/>
        <line num="27" count="2" type="stmt"/>
        <line num="30" count="2" type="cond" truecount="2" falsecount="0"/>
        <line num="31" count="1" type="stmt"/>
        <line num="34" count="1" type="stmt"/>
        <line num="46" count="3" type="stmt"/>
        <line num="47" count="3" type="stmt"/>
      </file>
      <file name="user-service.js" path="D:\ngoding\Node\APIs\quiz\src\services\user-service.js">
        <metrics statements="30" coveredstatements="30" conditionals="6" coveredconditionals="6" methods="8" coveredmethods="8"/>
        <line num="15" count="3" type="stmt"/>
        <line num="17" count="3" type="stmt"/>
        <line num="18" count="5" type="stmt"/>
        <line num="19" count="4" type="stmt"/>
        <line num="20" count="3" type="stmt"/>
        <line num="21" count="3" type="cond" truecount="2" falsecount="0"/>
        <line num="22" count="1" type="stmt"/>
        <line num="25" count="2" type="stmt"/>
        <line num="26" count="2" type="stmt"/>
        <line num="27" count="2" type="stmt"/>
        <line num="29" count="2" type="stmt"/>
        <line num="39" count="3" type="stmt"/>
        <line num="40" count="8" type="stmt"/>
        <line num="43" count="3" type="stmt"/>
        <line num="44" count="1" type="stmt"/>
        <line num="45" count="1" type="stmt"/>
        <line num="48" count="3" type="stmt"/>
        <line num="49" count="2" type="stmt"/>
        <line num="50" count="1" type="stmt"/>
        <line num="52" count="1" type="stmt"/>
        <line num="56" count="1" type="stmt"/>
        <line num="57" count="4" type="stmt"/>
        <line num="58" count="10" type="stmt"/>
        <line num="60" count="4" type="cond" truecount="4" falsecount="0"/>
        <line num="61" count="2" type="stmt"/>
        <line num="65" count="4" type="stmt"/>
        <line num="67" count="1" type="stmt"/>
        <line num="75" count="1" type="stmt"/>
        <line num="78" count="3" type="stmt"/>
        <line num="79" count="4" type="stmt"/>
      </file>
    </package>
    <package name="utils">
      <metrics statements="10" coveredstatements="9" conditionals="6" coveredconditionals="6" methods="3" coveredmethods="3"/>
      <file name="jwt.js" path="D:\ngoding\Node\APIs\quiz\src\utils\jwt.js">
        <metrics statements="7" coveredstatements="6" conditionals="4" coveredconditionals="4" methods="2" coveredmethods="2"/>
        <line num="5" count="3" type="stmt"/>
        <line num="7" count="11" type="stmt"/>
        <line num="13" count="11" type="stmt"/>
        <line num="17" count="1" type="stmt"/>
        <line num="18" count="1" type="stmt"/>
        <line num="19" count="1" type="stmt"/>
        <line num="21" count="0" type="stmt"/>
      </file>
      <file name="passStrengthCheck.js" path="D:\ngoding\Node\APIs\quiz\src\utils\passStrengthCheck.js">
        <metrics statements="3" coveredstatements="3" conditionals="2" coveredconditionals="2" methods="1" coveredmethods="1"/>
        <line num="5" count="4" type="stmt"/>
        <line num="6" count="4" type="cond" truecount="2" falsecount="0"/>
        <line num="7" count="1" type="stmt"/>
      </file>
    </package>
    <package name="validation">
      <metrics statements="12" coveredstatements="12" conditionals="2" coveredconditionals="2" methods="1" coveredmethods="1"/>
      <file name="question-validate.js" path="D:\ngoding\Node\APIs\quiz\src\validation\question-validate.js">
        <metrics statements="2" coveredstatements="2" conditionals="0" coveredconditionals="0" methods="0" coveredmethods="0"/>
        <line num="3" count="3" type="stmt"/>
        <line num="16" count="3" type="stmt"/>
      </file>
      <file name="subject-validate.js" path="D:\ngoding\Node\APIs\quiz\src\validation\subject-validate.js">
        <metrics statements="2" coveredstatements="2" conditionals="0" coveredconditionals="0" methods="0" coveredmethods="0"/>
        <line num="3" count="3" type="stmt"/>
        <line num="11" count="3" type="stmt"/>
      </file>
      <file name="user-validate.js" path="D:\ngoding\Node\APIs\quiz\src\validation\user-validate.js">
        <metrics statements="3" coveredstatements="3" conditionals="0" coveredconditionals="0" methods="0" coveredmethods="0"/>
        <line num="3" count="3" type="stmt"/>
        <line num="13" count="3" type="stmt"/>
        <line num="20" count="3" type="stmt"/>
      </file>
      <file name="validate.js" path="D:\ngoding\Node\APIs\quiz\src\validation\validate.js">
        <metrics statements="5" coveredstatements="5" conditionals="2" coveredconditionals="2" methods="1" coveredmethods="1"/>
        <line num="3" count="3" type="stmt"/>
        <line num="4" count="29" type="stmt"/>
        <line num="6" count="29" type="cond" truecount="2" falsecount="0"/>
        <line num="7" count="7" type="stmt"/>
        <line num="9" count="22" type="stmt"/>
      </file>
    </package>
  </project>
</coverage>
