{"D:\\ngoding\\Node\\APIs\\quiz\\src\\application\\prisma.js": {"path":"D:\\ngoding\\Node\\APIs\\quiz\\src\\application\\prisma.js","statementMap":{"0":{"start":{"line":3,"column":22},"end":{"line":3,"column":40}}},"fnMap":{},"branchMap":{},"s":{"0":2},"f":{},"b":{},"_coverageSchema":"1a1c01bbd47fc00a2c39e90264f33305004495a9","hash":"ab6a0966db768fee84a9362b4a8e059f568bfabd"}
,"D:\\ngoding\\Node\\APIs\\quiz\\src\\application\\web.js": {"path":"D:\\ngoding\\Node\\APIs\\quiz\\src\\application\\web.js","statementMap":{"0":{"start":{"line":18,"column":0},"end":{"line":18,"column":16}},"1":{"start":{"line":19,"column":12},"end":{"line":19,"column":21}},"2":{"start":{"line":21,"column":0},"end":{"line":21,"column":23}},"3":{"start":{"line":22,"column":0},"end":{"line":22,"column":18}},"4":{"start":{"line":23,"column":0},"end":{"line":23,"column":26}},"5":{"start":{"line":24,"column":0},"end":{"line":24,"column":24}},"6":{"start":{"line":25,"column":0},"end":{"line":25,"column":57}},"7":{"start":{"line":26,"column":0},"end":{"line":26,"column":41}},"8":{"start":{"line":27,"column":0},"end":{"line":27,"column":31}},"9":{"start":{"line":28,"column":0},"end":{"line":28,"column":28}},"10":{"start":{"line":29,"column":0},"end":{"line":29,"column":28}},"11":{"start":{"line":31,"column":0},"end":{"line":31,"column":21}},"12":{"start":{"line":32,"column":0},"end":{"line":32,"column":32}},"13":{"start":{"line":33,"column":0},"end":{"line":33,"column":27}},"14":{"start":{"line":34,"column":0},"end":{"line":34,"column":22}},"15":{"start":{"line":35,"column":0},"end":{"line":35,"column":24}}},"fnMap":{},"branchMap":{},"s":{"0":2,"1":2,"2":2,"3":2,"4":2,"5":2,"6":2,"7":2,"8":2,"9":2,"10":2,"11":2,"12":2,"13":2,"14":2,"15":2},"f":{},"b":{},"_coverageSchema":"1a1c01bbd47fc00a2c39e90264f33305004495a9","hash":"af6b4f4791f71cf1caf9f5cc7eb8dc85d8d00f75"}
,"D:\\ngoding\\Node\\APIs\\quiz\\src\\config\\cors.js": {"path":"D:\\ngoding\\Node\\APIs\\quiz\\src\\config\\cors.js","statementMap":{"0":{"start":{"line":1,"column":26},"end":{"line":6,"column":1}}},"fnMap":{},"branchMap":{},"s":{"0":2},"f":{},"b":{},"_coverageSchema":"1a1c01bbd47fc00a2c39e90264f33305004495a9","hash":"af70243b2f496f967ac5954dfb387ab99818012b"}
,"D:\\ngoding\\Node\\APIs\\quiz\\src\\config\\passport.js": {"path":"D:\\ngoding\\Node\\APIs\\quiz\\src\\config\\passport.js","statementMap":{"0":{"start":{"line":7,"column":2},"end":{"line":18,"column":4}},"1":{"start":{"line":9,"column":19},"end":{"line":9,"column":76}},"2":{"start":{"line":10,"column":6},"end":{"line":12,"column":7}},"3":{"start":{"line":11,"column":8},"end":{"line":11,"column":47}},"4":{"start":{"line":13,"column":6},"end":{"line":15,"column":7}},"5":{"start":{"line":14,"column":8},"end":{"line":14,"column":42}},"6":{"start":{"line":16,"column":6},"end":{"line":16,"column":30}},"7":{"start":{"line":19,"column":2},"end":{"line":27,"column":5}},"8":{"start":{"line":20,"column":25},"end":{"line":25,"column":5}},"9":{"start":{"line":26,"column":4},"end":{"line":26,"column":70}},"10":{"start":{"line":28,"column":2},"end":{"line":37,"column":5}},"11":{"start":{"line":29,"column":21},"end":{"line":31,"column":6}},"12":{"start":{"line":32,"column":4},"end":{"line":34,"column":5}},"13":{"start":{"line":33,"column":6},"end":{"line":33,"column":70}},"14":{"start":{"line":36,"column":4},"end":{"line":36,"column":32}}},"fnMap":{"0":{"name":"intializePassport","decl":{"start":{"line":6,"column":16},"end":{"line":6,"column":33}},"loc":{"start":{"line":6,"column":44},"end":{"line":38,"column":1}},"line":6},"1":{"name":"(anonymous_1)","decl":{"start":{"line":8,"column":45},"end":{"line":8,"column":46}},"loc":{"start":{"line":8,"column":78},"end":{"line":17,"column":5}},"line":8},"2":{"name":"(anonymous_2)","decl":{"start":{"line":19,"column":25},"end":{"line":19,"column":26}},"loc":{"start":{"line":19,"column":41},"end":{"line":27,"column":3}},"line":19},"3":{"name":"(anonymous_3)","decl":{"start":{"line":28,"column":27},"end":{"line":28,"column":28}},"loc":{"start":{"line":28,"column":49},"end":{"line":37,"column":3}},"line":28}},"branchMap":{"0":{"loc":{"start":{"line":10,"column":6},"end":{"line":12,"column":7}},"type":"if","locations":[{"start":{"line":10,"column":6},"end":{"line":12,"column":7}},{"start":{},"end":{}}],"line":10},"1":{"loc":{"start":{"line":13,"column":6},"end":{"line":15,"column":7}},"type":"if","locations":[{"start":{"line":13,"column":6},"end":{"line":15,"column":7}},{"start":{},"end":{}}],"line":13},"2":{"loc":{"start":{"line":32,"column":4},"end":{"line":34,"column":5}},"type":"if","locations":[{"start":{"line":32,"column":4},"end":{"line":34,"column":5}},{"start":{},"end":{}}],"line":32}},"s":{"0":2,"1":4,"2":4,"3":1,"4":3,"5":1,"6":2,"7":2,"8":2,"9":2,"10":2,"11":12,"12":12,"13":0,"14":12},"f":{"0":2,"1":4,"2":2,"3":12},"b":{"0":[1,3],"1":[1,2],"2":[0,12]},"_coverageSchema":"1a1c01bbd47fc00a2c39e90264f33305004495a9","hash":"65219ddba6adbd68ec63d34cdcedb12a9c0984a5"}
,"D:\\ngoding\\Node\\APIs\\quiz\\src\\config\\rate-limit.js": {"path":"D:\\ngoding\\Node\\APIs\\quiz\\src\\config\\rate-limit.js","statementMap":{"0":{"start":{"line":3,"column":29},"end":{"line":7,"column":2}}},"fnMap":{},"branchMap":{},"s":{"0":2},"f":{},"b":{},"_coverageSchema":"1a1c01bbd47fc00a2c39e90264f33305004495a9","hash":"2adb1fb99f1ce61df03ebd6ef60433017847c124"}
,"D:\\ngoding\\Node\\APIs\\quiz\\src\\config\\session.js": {"path":"D:\\ngoding\\Node\\APIs\\quiz\\src\\config\\session.js","statementMap":{"0":{"start":{"line":5,"column":0},"end":{"line":5,"column":16}},"1":{"start":{"line":7,"column":21},"end":{"line":7,"column":47}},"2":{"start":{"line":8,"column":16},"end":{"line":16,"column":4}},"3":{"start":{"line":17,"column":2},"end":{"line":17,"column":15}},"4":{"start":{"line":21,"column":2},"end":{"line":35,"column":4}}},"fnMap":{"0":{"name":"mysqlStore","decl":{"start":{"line":6,"column":9},"end":{"line":6,"column":19}},"loc":{"start":{"line":6,"column":29},"end":{"line":18,"column":1}},"line":6},"1":{"name":"sessionConfig","decl":{"start":{"line":20,"column":16},"end":{"line":20,"column":29}},"loc":{"start":{"line":20,"column":39},"end":{"line":36,"column":1}},"line":20}},"branchMap":{"0":{"loc":{"start":{"line":27,"column":6},"end":{"line":27,"column":78}},"type":"cond-expr","locations":[{"start":{"line":27,"column":39},"end":{"line":27,"column":56}},{"start":{"line":27,"column":59},"end":{"line":27,"column":78}}],"line":27}},"s":{"0":2,"1":0,"2":0,"3":0,"4":2},"f":{"0":0,"1":2},"b":{"0":[2,0]},"_coverageSchema":"1a1c01bbd47fc00a2c39e90264f33305004495a9","hash":"ddeb2b2bd95ae7f1acca90d8ffe5908ac26b4f93"}
,"D:\\ngoding\\Node\\APIs\\quiz\\src\\controller\\subject-controller.js": {"path":"D:\\ngoding\\Node\\APIs\\quiz\\src\\controller\\subject-controller.js","statementMap":{"0":{"start":{"line":3,"column":30},"end":{"line":18,"column":1}},"1":{"start":{"line":4,"column":2},"end":{"line":17,"column":3}},"2":{"start":{"line":5,"column":19},"end":{"line":5,"column":71}},"3":{"start":{"line":6,"column":4},"end":{"line":14,"column":13}},"4":{"start":{"line":16,"column":4},"end":{"line":16,"column":16}},"5":{"start":{"line":20,"column":30},"end":{"line":32,"column":1}},"6":{"start":{"line":21,"column":2},"end":{"line":31,"column":3}},"7":{"start":{"line":22,"column":19},"end":{"line":22,"column":71}},"8":{"start":{"line":23,"column":4},"end":{"line":28,"column":7}},"9":{"start":{"line":30,"column":4},"end":{"line":30,"column":16}}},"fnMap":{"0":{"name":"(anonymous_0)","decl":{"start":{"line":3,"column":30},"end":{"line":3,"column":31}},"loc":{"start":{"line":3,"column":56},"end":{"line":18,"column":1}},"line":3},"1":{"name":"(anonymous_1)","decl":{"start":{"line":20,"column":30},"end":{"line":20,"column":31}},"loc":{"start":{"line":20,"column":56},"end":{"line":32,"column":1}},"line":20}},"branchMap":{},"s":{"0":2,"1":3,"2":3,"3":1,"4":2,"5":2,"6":3,"7":3,"8":1,"9":2},"f":{"0":3,"1":3},"b":{},"_coverageSchema":"1a1c01bbd47fc00a2c39e90264f33305004495a9","hash":"f8ddb32d48a057d00ca4aa65f0cc6c83dcc3a287"}
,"D:\\ngoding\\Node\\APIs\\quiz\\src\\controller\\user-controller.js": {"path":"D:\\ngoding\\Node\\APIs\\quiz\\src\\controller\\user-controller.js","statementMap":{"0":{"start":{"line":5,"column":17},"end":{"line":17,"column":1}},"1":{"start":{"line":6,"column":2},"end":{"line":16,"column":3}},"2":{"start":{"line":7,"column":17},"end":{"line":7,"column":53}},"3":{"start":{"line":8,"column":4},"end":{"line":13,"column":7}},"4":{"start":{"line":15,"column":4},"end":{"line":15,"column":16}},"5":{"start":{"line":19,"column":14},"end":{"line":53,"column":1}},"6":{"start":{"line":20,"column":2},"end":{"line":52,"column":3}},"7":{"start":{"line":21,"column":4},"end":{"line":21,"column":32}},"8":{"start":{"line":22,"column":4},"end":{"line":49,"column":23}},"9":{"start":{"line":23,"column":6},"end":{"line":32,"column":7}},"10":{"start":{"line":24,"column":8},"end":{"line":31,"column":17}},"11":{"start":{"line":33,"column":6},"end":{"line":48,"column":9}},"12":{"start":{"line":34,"column":8},"end":{"line":40,"column":9}},"13":{"start":{"line":35,"column":10},"end":{"line":39,"column":13}},"14":{"start":{"line":41,"column":22},"end":{"line":41,"column":66}},"15":{"start":{"line":42,"column":8},"end":{"line":47,"column":11}},"16":{"start":{"line":51,"column":4},"end":{"line":51,"column":16}},"17":{"start":{"line":55,"column":15},"end":{"line":70,"column":1}},"18":{"start":{"line":56,"column":2},"end":{"line":69,"column":5}},"19":{"start":{"line":57,"column":4},"end":{"line":61,"column":5}},"20":{"start":{"line":58,"column":6},"end":{"line":60,"column":8}},"21":{"start":{"line":62,"column":4},"end":{"line":62,"column":26}},"22":{"start":{"line":63,"column":4},"end":{"line":63,"column":36}},"23":{"start":{"line":64,"column":4},"end":{"line":68,"column":7}},"24":{"start":{"line":72,"column":21},"end":{"line":87,"column":1}},"25":{"start":{"line":73,"column":2},"end":{"line":86,"column":3}},"26":{"start":{"line":74,"column":25},"end":{"line":74,"column":63}},"27":{"start":{"line":75,"column":18},"end":{"line":75,"column":56}},"28":{"start":{"line":76,"column":4},"end":{"line":83,"column":7}},"29":{"start":{"line":85,"column":4},"end":{"line":85,"column":16}}},"fnMap":{"0":{"name":"(anonymous_0)","decl":{"start":{"line":5,"column":17},"end":{"line":5,"column":18}},"loc":{"start":{"line":5,"column":43},"end":{"line":17,"column":1}},"line":5},"1":{"name":"(anonymous_1)","decl":{"start":{"line":19,"column":14},"end":{"line":19,"column":15}},"loc":{"start":{"line":19,"column":34},"end":{"line":53,"column":1}},"line":19},"2":{"name":"(anonymous_2)","decl":{"start":{"line":22,"column":35},"end":{"line":22,"column":36}},"loc":{"start":{"line":22,"column":50},"end":{"line":49,"column":5}},"line":22},"3":{"name":"(anonymous_3)","decl":{"start":{"line":33,"column":22},"end":{"line":33,"column":23}},"loc":{"start":{"line":33,"column":31},"end":{"line":48,"column":7}},"line":33},"4":{"name":"(anonymous_4)","decl":{"start":{"line":55,"column":15},"end":{"line":55,"column":16}},"loc":{"start":{"line":55,"column":35},"end":{"line":70,"column":1}},"line":55},"5":{"name":"(anonymous_5)","decl":{"start":{"line":56,"column":13},"end":{"line":56,"column":14}},"loc":{"start":{"line":56,"column":22},"end":{"line":69,"column":3}},"line":56},"6":{"name":"(anonymous_6)","decl":{"start":{"line":72,"column":21},"end":{"line":72,"column":22}},"loc":{"start":{"line":72,"column":41},"end":{"line":87,"column":1}},"line":72}},"branchMap":{"0":{"loc":{"start":{"line":23,"column":6},"end":{"line":32,"column":7}},"type":"if","locations":[{"start":{"line":23,"column":6},"end":{"line":32,"column":7}},{"start":{},"end":{}}],"line":23},"1":{"loc":{"start":{"line":34,"column":8},"end":{"line":40,"column":9}},"type":"if","locations":[{"start":{"line":34,"column":8},"end":{"line":40,"column":9}},{"start":{},"end":{}}],"line":34},"2":{"loc":{"start":{"line":57,"column":4},"end":{"line":61,"column":5}},"type":"if","locations":[{"start":{"line":57,"column":4},"end":{"line":61,"column":5}},{"start":{},"end":{}}],"line":57}},"s":{"0":2,"1":5,"2":5,"3":2,"4":3,"5":2,"6":5,"7":5,"8":4,"9":4,"10":2,"11":2,"12":2,"13":0,"14":2,"15":2,"16":1,"17":2,"18":1,"19":1,"20":0,"21":1,"22":1,"23":1,"24":2,"25":1,"26":1,"27":1,"28":1,"29":0},"f":{"0":5,"1":5,"2":4,"3":2,"4":1,"5":1,"6":1},"b":{"0":[2,2],"1":[0,2],"2":[0,1]},"_coverageSchema":"1a1c01bbd47fc00a2c39e90264f33305004495a9","hash":"577d1d00924c4ea466d70ea3727777b7eeddea39"}
,"D:\\ngoding\\Node\\APIs\\quiz\\src\\error\\ResponseError.js": {"path":"D:\\ngoding\\Node\\APIs\\quiz\\src\\error\\ResponseError.js","statementMap":{"0":{"start":{"line":3,"column":8},"end":{"line":3,"column":22}},"1":{"start":{"line":4,"column":8},"end":{"line":4,"column":36}},"2":{"start":{"line":5,"column":8},"end":{"line":5,"column":30}},"3":{"start":{"line":6,"column":8},"end":{"line":6,"column":36}},"4":{"start":{"line":7,"column":8},"end":{"line":7,"column":32}}},"fnMap":{"0":{"name":"(anonymous_0)","decl":{"start":{"line":2,"column":4},"end":{"line":2,"column":5}},"loc":{"start":{"line":2,"column":51},"end":{"line":8,"column":5}},"line":2}},"branchMap":{"0":{"loc":{"start":{"line":6,"column":22},"end":{"line":6,"column":36}},"type":"binary-expr","locations":[{"start":{"line":6,"column":22},"end":{"line":6,"column":28}},{"start":{"line":6,"column":32},"end":{"line":6,"column":36}}],"line":6},"1":{"loc":{"start":{"line":7,"column":20},"end":{"line":7,"column":32}},"type":"binary-expr","locations":[{"start":{"line":7,"column":20},"end":{"line":7,"column":24}},{"start":{"line":7,"column":28},"end":{"line":7,"column":32}}],"line":7}},"s":{"0":17,"1":17,"2":17,"3":17,"4":17},"f":{"0":17},"b":{"0":[17,16],"1":[17,17]},"_coverageSchema":"1a1c01bbd47fc00a2c39e90264f33305004495a9","hash":"7fa03c9ed7c9257dbdacf84cf0fada9fda499d73"}
,"D:\\ngoding\\Node\\APIs\\quiz\\src\\middleware\\errorMiddleware.js": {"path":"D:\\ngoding\\Node\\APIs\\quiz\\src\\middleware\\errorMiddleware.js","statementMap":{"0":{"start":{"line":5,"column":2},"end":{"line":7,"column":3}},"1":{"start":{"line":6,"column":4},"end":{"line":6,"column":18}},"2":{"start":{"line":9,"column":2},"end":{"line":55,"column":3}},"3":{"start":{"line":10,"column":4},"end":{"line":16,"column":7}},"4":{"start":{"line":49,"column":4},"end":{"line":49,"column":21}},"5":{"start":{"line":50,"column":4},"end":{"line":54,"column":7}}},"fnMap":{"0":{"name":"errorMiddleware","decl":{"start":{"line":4,"column":16},"end":{"line":4,"column":31}},"loc":{"start":{"line":4,"column":53},"end":{"line":56,"column":1}},"line":4}},"branchMap":{"0":{"loc":{"start":{"line":5,"column":2},"end":{"line":7,"column":3}},"type":"if","locations":[{"start":{"line":5,"column":2},"end":{"line":7,"column":3}},{"start":{},"end":{}}],"line":5},"1":{"loc":{"start":{"line":9,"column":2},"end":{"line":55,"column":3}},"type":"if","locations":[{"start":{"line":9,"column":2},"end":{"line":55,"column":3}},{"start":{"line":48,"column":7},"end":{"line":55,"column":3}}],"line":9}},"s":{"0":17,"1":0,"2":17,"3":17,"4":0,"5":0},"f":{"0":17},"b":{"0":[0,17],"1":[17,0]},"_coverageSchema":"1a1c01bbd47fc00a2c39e90264f33305004495a9","hash":"4f8a3125513d2e5dbca733c088cc2f73f9b33bae"}
,"D:\\ngoding\\Node\\APIs\\quiz\\src\\middleware\\jwtMiddleware.js": {"path":"D:\\ngoding\\Node\\APIs\\quiz\\src\\middleware\\jwtMiddleware.js","statementMap":{"0":{"start":{"line":5,"column":14},"end":{"line":5,"column":42}},"1":{"start":{"line":6,"column":2},"end":{"line":6,"column":31}},"2":{"start":{"line":8,"column":2},"end":{"line":16,"column":5}},"3":{"start":{"line":9,"column":4},"end":{"line":14,"column":5}},"4":{"start":{"line":10,"column":6},"end":{"line":13,"column":8}},"5":{"start":{"line":15,"column":4},"end":{"line":15,"column":18}}},"fnMap":{"0":{"name":"jwtAuthMiddleware","decl":{"start":{"line":4,"column":16},"end":{"line":4,"column":33}},"loc":{"start":{"line":4,"column":50},"end":{"line":17,"column":1}},"line":4},"1":{"name":"(anonymous_1)","decl":{"start":{"line":8,"column":44},"end":{"line":8,"column":45}},"loc":{"start":{"line":8,"column":59},"end":{"line":16,"column":3}},"line":8}},"branchMap":{"0":{"loc":{"start":{"line":9,"column":4},"end":{"line":14,"column":5}},"type":"if","locations":[{"start":{"line":9,"column":4},"end":{"line":14,"column":5}},{"start":{},"end":{}}],"line":9}},"s":{"0":10,"1":10,"2":10,"3":10,"4":3,"5":7},"f":{"0":10,"1":10},"b":{"0":[3,7]},"_coverageSchema":"1a1c01bbd47fc00a2c39e90264f33305004495a9","hash":"7e28506b72abf8672aeed1152773c86c3d87208d"}
,"D:\\ngoding\\Node\\APIs\\quiz\\src\\middleware\\passportMiddlewares.js": {"path":"D:\\ngoding\\Node\\APIs\\quiz\\src\\middleware\\passportMiddlewares.js","statementMap":{"0":{"start":{"line":4,"column":2},"end":{"line":6,"column":3}},"1":{"start":{"line":5,"column":4},"end":{"line":5,"column":18}},"2":{"start":{"line":7,"column":2},"end":{"line":7,"column":57}},"3":{"start":{"line":11,"column":2},"end":{"line":13,"column":3}},"4":{"start":{"line":12,"column":4},"end":{"line":12,"column":68}},"5":{"start":{"line":14,"column":2},"end":{"line":14,"column":16}}},"fnMap":{"0":{"name":"passportAuthMiddleware","decl":{"start":{"line":3,"column":16},"end":{"line":3,"column":38}},"loc":{"start":{"line":3,"column":55},"end":{"line":8,"column":1}},"line":3},"1":{"name":"ensureAuthenticated","decl":{"start":{"line":10,"column":16},"end":{"line":10,"column":35}},"loc":{"start":{"line":10,"column":52},"end":{"line":15,"column":1}},"line":10}},"branchMap":{"0":{"loc":{"start":{"line":4,"column":2},"end":{"line":6,"column":3}},"type":"if","locations":[{"start":{"line":4,"column":2},"end":{"line":6,"column":3}},{"start":{},"end":{}}],"line":4},"1":{"loc":{"start":{"line":11,"column":2},"end":{"line":13,"column":3}},"type":"if","locations":[{"start":{"line":11,"column":2},"end":{"line":13,"column":3}},{"start":{},"end":{}}],"line":11}},"s":{"0":16,"1":11,"2":5,"3":11,"4":1,"5":10},"f":{"0":16,"1":11},"b":{"0":[11,5],"1":[1,10]},"_coverageSchema":"1a1c01bbd47fc00a2c39e90264f33305004495a9","hash":"6cb74dd030e431e3eb329a8e1b4bf1b8e96bba9c"}
,"D:\\ngoding\\Node\\APIs\\quiz\\src\\routes\\privateRoute.js": {"path":"D:\\ngoding\\Node\\APIs\\quiz\\src\\routes\\privateRoute.js","statementMap":{"0":{"start":{"line":7,"column":21},"end":{"line":7,"column":37}},"1":{"start":{"line":9,"column":0},"end":{"line":9,"column":63}},"2":{"start":{"line":11,"column":0},"end":{"line":11,"column":75}},"3":{"start":{"line":12,"column":0},"end":{"line":12,"column":76}}},"fnMap":{},"branchMap":{},"s":{"0":2,"1":2,"2":2,"3":2},"f":{},"b":{},"_coverageSchema":"1a1c01bbd47fc00a2c39e90264f33305004495a9","hash":"a1989c252489bb699dff8d789789334f85129ca1"}
,"D:\\ngoding\\Node\\APIs\\quiz\\src\\routes\\publicRoute.js": {"path":"D:\\ngoding\\Node\\APIs\\quiz\\src\\routes\\publicRoute.js","statementMap":{"0":{"start":{"line":5,"column":20},"end":{"line":5,"column":36}},"1":{"start":{"line":8,"column":0},"end":{"line":8,"column":86}},"2":{"start":{"line":9,"column":0},"end":{"line":9,"column":80}},"3":{"start":{"line":10,"column":0},"end":{"line":10,"column":84}},"4":{"start":{"line":12,"column":0},"end":{"line":12,"column":96}}},"fnMap":{},"branchMap":{},"s":{"0":2,"1":2,"2":2,"3":2,"4":2},"f":{},"b":{},"_coverageSchema":"1a1c01bbd47fc00a2c39e90264f33305004495a9","hash":"7c0c46b8f4f8824f1b0100861d7184551a02f7cd"}
,"D:\\ngoding\\Node\\APIs\\quiz\\src\\services\\subject-service.js": {"path":"D:\\ngoding\\Node\\APIs\\quiz\\src\\services\\subject-service.js","statementMap":{"0":{"start":{"line":9,"column":30},"end":{"line":23,"column":1}},"1":{"start":{"line":10,"column":17},"end":{"line":10,"column":63}},"2":{"start":{"line":12,"column":21},"end":{"line":14,"column":4}},"3":{"start":{"line":15,"column":2},"end":{"line":17,"column":3}},"4":{"start":{"line":16,"column":4},"end":{"line":16,"column":76}},"5":{"start":{"line":19,"column":2},"end":{"line":22,"column":5}},"6":{"start":{"line":25,"column":30},"end":{"line":44,"column":1}},"7":{"start":{"line":26,"column":17},"end":{"line":26,"column":63}},"8":{"start":{"line":27,"column":21},"end":{"line":29,"column":4}},"9":{"start":{"line":30,"column":2},"end":{"line":32,"column":3}},"10":{"start":{"line":31,"column":4},"end":{"line":31,"column":76}},"11":{"start":{"line":34,"column":2},"end":{"line":43,"column":5}}},"fnMap":{"0":{"name":"(anonymous_0)","decl":{"start":{"line":9,"column":30},"end":{"line":9,"column":31}},"loc":{"start":{"line":9,"column":49},"end":{"line":23,"column":1}},"line":9},"1":{"name":"(anonymous_1)","decl":{"start":{"line":25,"column":30},"end":{"line":25,"column":31}},"loc":{"start":{"line":25,"column":49},"end":{"line":44,"column":1}},"line":25}},"branchMap":{"0":{"loc":{"start":{"line":15,"column":2},"end":{"line":17,"column":3}},"type":"if","locations":[{"start":{"line":15,"column":2},"end":{"line":17,"column":3}},{"start":{},"end":{}}],"line":15},"1":{"loc":{"start":{"line":30,"column":2},"end":{"line":32,"column":3}},"type":"if","locations":[{"start":{"line":30,"column":2},"end":{"line":32,"column":3}},{"start":{},"end":{}}],"line":30}},"s":{"0":2,"1":3,"2":2,"3":2,"4":1,"5":1,"6":2,"7":3,"8":2,"9":2,"10":1,"11":1},"f":{"0":3,"1":3},"b":{"0":[1,1],"1":[1,1]},"_coverageSchema":"1a1c01bbd47fc00a2c39e90264f33305004495a9","hash":"3c6d23bc6f0e1d0fb478a0468c60f02fc81f98c0"}
,"D:\\ngoding\\Node\\APIs\\quiz\\src\\services\\user-service.js": {"path":"D:\\ngoding\\Node\\APIs\\quiz\\src\\services\\user-service.js","statementMap":{"0":{"start":{"line":9,"column":17},"end":{"line":28,"column":1}},"1":{"start":{"line":10,"column":15},"end":{"line":10,"column":54}},"2":{"start":{"line":11,"column":2},"end":{"line":11,"column":38}},"3":{"start":{"line":12,"column":20},"end":{"line":12,"column":77}},"4":{"start":{"line":13,"column":2},"end":{"line":15,"column":3}},"5":{"start":{"line":14,"column":4},"end":{"line":14,"column":61}},"6":{"start":{"line":17,"column":15},"end":{"line":17,"column":39}},"7":{"start":{"line":18,"column":2},"end":{"line":18,"column":57}},"8":{"start":{"line":20,"column":2},"end":{"line":27,"column":5}},"9":{"start":{"line":30,"column":14},"end":{"line":32,"column":1}},"10":{"start":{"line":31,"column":2},"end":{"line":31,"column":46}},"11":{"start":{"line":34,"column":21},"end":{"line":37,"column":1}},"12":{"start":{"line":35,"column":22},"end":{"line":35,"column":58}},"13":{"start":{"line":36,"column":2},"end":{"line":36,"column":21}}},"fnMap":{"0":{"name":"(anonymous_0)","decl":{"start":{"line":9,"column":17},"end":{"line":9,"column":18}},"loc":{"start":{"line":9,"column":36},"end":{"line":28,"column":1}},"line":9},"1":{"name":"(anonymous_1)","decl":{"start":{"line":30,"column":14},"end":{"line":30,"column":15}},"loc":{"start":{"line":30,"column":27},"end":{"line":32,"column":1}},"line":30},"2":{"name":"(anonymous_2)","decl":{"start":{"line":34,"column":21},"end":{"line":34,"column":22}},"loc":{"start":{"line":34,"column":32},"end":{"line":37,"column":1}},"line":34}},"branchMap":{"0":{"loc":{"start":{"line":13,"column":2},"end":{"line":15,"column":3}},"type":"if","locations":[{"start":{"line":13,"column":2},"end":{"line":15,"column":3}},{"start":{},"end":{}}],"line":13}},"s":{"0":2,"1":5,"2":4,"3":3,"4":3,"5":1,"6":2,"7":2,"8":2,"9":2,"10":5,"11":2,"12":1,"13":1},"f":{"0":5,"1":5,"2":1},"b":{"0":[1,2]},"_coverageSchema":"1a1c01bbd47fc00a2c39e90264f33305004495a9","hash":"4e295fad923e52fbf5237308307052daa4eb11e0"}
,"D:\\ngoding\\Node\\APIs\\quiz\\src\\utils\\jwt.js": {"path":"D:\\ngoding\\Node\\APIs\\quiz\\src\\utils\\jwt.js","statementMap":{"0":{"start":{"line":5,"column":0},"end":{"line":5,"column":16}},"1":{"start":{"line":7,"column":16},"end":{"line":11,"column":3}},"2":{"start":{"line":13,"column":2},"end":{"line":13,"column":15}},"3":{"start":{"line":17,"column":2},"end":{"line":25,"column":3}},"4":{"start":{"line":18,"column":17},"end":{"line":18,"column":66}},"5":{"start":{"line":19,"column":4},"end":{"line":19,"column":56}},"6":{"start":{"line":21,"column":4},"end":{"line":24,"column":6}}},"fnMap":{"0":{"name":"createJwtToken","decl":{"start":{"line":6,"column":16},"end":{"line":6,"column":30}},"loc":{"start":{"line":6,"column":53},"end":{"line":14,"column":1}},"line":6},"1":{"name":"generateTokenWithRefreshToken","decl":{"start":{"line":16,"column":16},"end":{"line":16,"column":45}},"loc":{"start":{"line":16,"column":53},"end":{"line":26,"column":1}},"line":16}},"branchMap":{"0":{"loc":{"start":{"line":9,"column":4},"end":{"line":9,"column":76}},"type":"cond-expr","locations":[{"start":{"line":9,"column":21},"end":{"line":9,"column":51}},{"start":{"line":9,"column":54},"end":{"line":9,"column":76}}],"line":9},"1":{"loc":{"start":{"line":10,"column":17},"end":{"line":10,"column":46}},"type":"cond-expr","locations":[{"start":{"line":10,"column":34},"end":{"line":10,"column":38}},{"start":{"line":10,"column":41},"end":{"line":10,"column":46}}],"line":10}},"s":{"0":2,"1":5,"2":5,"3":1,"4":1,"5":1,"6":0},"f":{"0":5,"1":1},"b":{"0":[2,3],"1":[2,3]},"_coverageSchema":"1a1c01bbd47fc00a2c39e90264f33305004495a9","hash":"de994484e1af008ae68d43f74d5359f2df34ae02"}
,"D:\\ngoding\\Node\\APIs\\quiz\\src\\utils\\passStrengthCheck.js": {"path":"D:\\ngoding\\Node\\APIs\\quiz\\src\\utils\\passStrengthCheck.js","statementMap":{"0":{"start":{"line":5,"column":19},"end":{"line":5,"column":35}},"1":{"start":{"line":6,"column":4},"end":{"line":11,"column":5}},"2":{"start":{"line":7,"column":8},"end":{"line":10,"column":10}}},"fnMap":{"0":{"name":"passwordStrengthTest","decl":{"start":{"line":4,"column":16},"end":{"line":4,"column":36}},"loc":{"start":{"line":4,"column":47},"end":{"line":12,"column":1}},"line":4}},"branchMap":{"0":{"loc":{"start":{"line":6,"column":4},"end":{"line":11,"column":5}},"type":"if","locations":[{"start":{"line":6,"column":4},"end":{"line":11,"column":5}},{"start":{},"end":{}}],"line":6}},"s":{"0":4,"1":4,"2":1},"f":{"0":4},"b":{"0":[1,3]},"_coverageSchema":"1a1c01bbd47fc00a2c39e90264f33305004495a9","hash":"a9747d03607d74987f60aa04a955bbe24ba55e9a"}
,"D:\\ngoding\\Node\\APIs\\quiz\\src\\validation\\subject-validate.js": {"path":"D:\\ngoding\\Node\\APIs\\quiz\\src\\validation\\subject-validate.js","statementMap":{"0":{"start":{"line":3,"column":43},"end":{"line":8,"column":35}},"1":{"start":{"line":10,"column":43},"end":{"line":16,"column":35}}},"fnMap":{},"branchMap":{},"s":{"0":2,"1":2},"f":{},"b":{},"_coverageSchema":"1a1c01bbd47fc00a2c39e90264f33305004495a9","hash":"7e30f180769952dd19a60fe7ea70af55c516529f"}
,"D:\\ngoding\\Node\\APIs\\quiz\\src\\validation\\user-validate.js": {"path":"D:\\ngoding\\Node\\APIs\\quiz\\src\\validation\\user-validate.js","statementMap":{"0":{"start":{"line":3,"column":36},"end":{"line":11,"column":35}},"1":{"start":{"line":13,"column":33},"end":{"line":18,"column":35}}},"fnMap":{},"branchMap":{},"s":{"0":2,"1":2},"f":{},"b":{},"_coverageSchema":"1a1c01bbd47fc00a2c39e90264f33305004495a9","hash":"d50c5828f4bd65f38dcbc56344714c4271e5805b"}
,"D:\\ngoding\\Node\\APIs\\quiz\\src\\validation\\validate.js": {"path":"D:\\ngoding\\Node\\APIs\\quiz\\src\\validation\\validate.js","statementMap":{"0":{"start":{"line":3,"column":24},"end":{"line":11,"column":1}},"1":{"start":{"line":4,"column":19},"end":{"line":4,"column":64}},"2":{"start":{"line":6,"column":4},"end":{"line":10,"column":5}},"3":{"start":{"line":7,"column":8},"end":{"line":7,"column":58}},"4":{"start":{"line":9,"column":8},"end":{"line":9,"column":27}}},"fnMap":{"0":{"name":"(anonymous_0)","decl":{"start":{"line":3,"column":24},"end":{"line":3,"column":25}},"loc":{"start":{"line":3,"column":45},"end":{"line":11,"column":1}},"line":3}},"branchMap":{"0":{"loc":{"start":{"line":6,"column":4},"end":{"line":10,"column":5}},"type":"if","locations":[{"start":{"line":6,"column":4},"end":{"line":10,"column":5}},{"start":{"line":8,"column":11},"end":{"line":10,"column":5}}],"line":6}},"s":{"0":2,"1":16,"2":16,"3":4,"4":12},"f":{"0":16},"b":{"0":[4,12]},"_coverageSchema":"1a1c01bbd47fc00a2c39e90264f33305004495a9","hash":"bb7d9d32bfe71a865a30a74dc90542134f448032"}
}
