TN:
SF:src\application\prisma.js
FNF:0
FNH:0
DA:3,1
LF:1
LH:1
BRF:0
BRH:0
end_of_record
TN:
SF:src\application\web.js
FNF:0
FNH:0
DA:18,1
DA:19,1
DA:21,1
DA:22,1
DA:23,1
DA:24,1
DA:25,1
DA:26,1
DA:27,1
DA:28,1
DA:29,1
DA:31,1
DA:32,1
DA:33,1
DA:34,1
DA:35,1
LF:16
LH:16
BRF:0
BRH:0
end_of_record
TN:
SF:src\config\cors.js
FNF:0
FNH:0
DA:1,1
LF:1
LH:1
BRF:0
BRH:0
end_of_record
TN:
SF:src\config\passport.js
FN:6,intializePassport
FN:8,(anonymous_1)
FN:19,(anonymous_2)
FN:25,(anonymous_3)
FNF:4
FNH:4
FNDA:1,intializePassport
FNDA:3,(anonymous_1)
FNDA:1,(anonymous_2)
FNDA:3,(anonymous_3)
DA:7,1
DA:9,3
DA:10,3
DA:11,1
DA:13,2
DA:14,1
DA:16,1
DA:19,1
DA:20,1
DA:23,1
DA:25,1
DA:26,3
DA:29,3
DA:30,0
DA:33,3
LF:15
LH:14
BRDA:10,0,0,1
BRDA:10,0,1,2
BRDA:13,1,0,1
BRDA:13,1,1,1
BRDA:29,2,0,0
BRDA:29,2,1,3
BRF:6
BRH:5
end_of_record
TN:
SF:src\config\rate-limit.js
FNF:0
FNH:0
DA:3,1
LF:1
LH:1
BRF:0
BRH:0
end_of_record
TN:
SF:src\config\session.js
FN:6,mysqlStore
FN:22,sessionConfig
FNF:2
FNH:1
FNDA:0,mysqlStore
FNDA:1,sessionConfig
DA:5,1
DA:7,0
DA:8,0
DA:18,0
DA:23,1
LF:5
LH:2
BRDA:29,0,0,1
BRDA:29,0,1,0
BRF:2
BRH:1
end_of_record
TN:
SF:src\controller\user-controller.js
FN:5,(anonymous_0)
FN:19,(anonymous_1)
FN:22,(anonymous_2)
FN:33,(anonymous_3)
FN:55,(anonymous_4)
FN:56,(anonymous_5)
FN:72,(anonymous_6)
FNF:7
FNH:7
FNDA:4,(anonymous_0)
FNDA:3,(anonymous_1)
FNDA:3,(anonymous_2)
FNDA:1,(anonymous_3)
FNDA:1,(anonymous_4)
FNDA:1,(anonymous_5)
FNDA:1,(anonymous_6)
DA:5,1
DA:6,4
DA:7,4
DA:8,1
DA:15,3
DA:19,1
DA:20,3
DA:21,3
DA:22,3
DA:23,3
DA:24,2
DA:33,1
DA:34,1
DA:35,0
DA:41,1
DA:42,1
DA:51,0
DA:55,1
DA:56,1
DA:57,1
DA:58,0
DA:62,1
DA:63,1
DA:64,1
DA:72,1
DA:73,1
DA:74,1
DA:75,0
DA:76,0
DA:85,1
LF:30
LH:25
BRDA:23,0,0,2
BRDA:23,0,1,1
BRDA:34,1,0,0
BRDA:34,1,1,1
BRDA:57,2,0,0
BRDA:57,2,1,1
BRF:6
BRH:4
end_of_record
TN:
SF:src\error\ResponseError.js
FN:2,(anonymous_0)
FNF:1
FNH:1
FNDA:7,(anonymous_0)
DA:3,7
DA:4,7
DA:5,7
DA:6,7
DA:7,7
LF:5
LH:5
BRDA:6,0,0,7
BRDA:6,0,1,6
BRDA:7,1,0,7
BRDA:7,1,1,7
BRF:4
BRH:4
end_of_record
TN:
SF:src\middleware\errorMiddleware.js
FN:3,errorMiddleware
FNF:1
FNH:1
FNDA:8,errorMiddleware
DA:4,8
DA:5,0
DA:8,8
DA:9,7
DA:17,1
DA:18,1
LF:6
LH:5
BRDA:4,0,0,0
BRDA:4,0,1,8
BRDA:8,1,0,7
BRDA:8,1,1,1
BRF:4
BRH:3
end_of_record
TN:
SF:src\middleware\jwtMiddleware.js
FN:4,jwtAuthMiddleware
FN:8,(anonymous_1)
FNF:2
FNH:2
FNDA:2,jwtAuthMiddleware
FNDA:2,(anonymous_1)
DA:5,2
DA:6,2
DA:8,2
DA:9,2
DA:10,1
DA:15,1
LF:6
LH:6
BRDA:9,0,0,1
BRDA:9,0,1,1
BRF:2
BRH:2
end_of_record
TN:
SF:src\middleware\passportMiddlewares.js
FN:3,passportAuthMiddleware
FN:10,ensureAuthenticated
FNF:2
FNH:2
FNDA:4,passportAuthMiddleware
FNDA:9,ensureAuthenticated
DA:4,4
DA:5,2
DA:7,2
DA:11,9
DA:12,1
DA:14,8
LF:6
LH:6
BRDA:4,0,0,2
BRDA:4,0,1,2
BRDA:11,1,0,1
BRDA:11,1,1,8
BRF:4
BRH:4
end_of_record
TN:
SF:src\routes\privateRoute.js
FNF:0
FNH:0
DA:6,1
DA:8,1
LF:2
LH:2
BRF:0
BRH:0
end_of_record
TN:
SF:src\routes\publicRoute.js
FNF:0
FNH:0
DA:5,1
DA:8,1
DA:9,1
DA:10,1
DA:12,1
LF:5
LH:5
BRF:0
BRH:0
end_of_record
TN:
SF:src\services\user-service.js
FN:9,(anonymous_0)
FN:30,(anonymous_1)
FN:34,(anonymous_2)
FNF:3
FNH:2
FNDA:4,(anonymous_0)
FNDA:3,(anonymous_1)
FNDA:0,(anonymous_2)
DA:9,1
DA:10,4
DA:11,3
DA:12,2
DA:13,2
DA:14,1
DA:17,1
DA:18,1
DA:20,1
DA:30,1
DA:31,3
DA:34,1
DA:35,0
DA:36,0
LF:14
LH:12
BRDA:13,0,0,1
BRDA:13,0,1,1
BRF:2
BRH:2
end_of_record
TN:
SF:src\utils\jwt.js
FN:4,createJwtToken
FN:14,generateTokenWithRefreshToken
FN:15,(anonymous_2)
FNF:3
FNH:1
FNDA:2,createJwtToken
FNDA:0,generateTokenWithRefreshToken
FNDA:0,(anonymous_2)
DA:5,2
DA:11,2
DA:15,0
DA:16,0
DA:17,0
DA:23,0
LF:6
LH:2
BRDA:7,0,0,0
BRDA:7,0,1,2
BRDA:8,1,0,0
BRDA:8,1,1,2
BRDA:16,2,0,0
BRDA:16,2,1,0
BRF:6
BRH:2
end_of_record
TN:
SF:src\utils\passStrengthCheck.js
FN:4,passwordStrengthTest
FNF:1
FNH:1
FNDA:3,passwordStrengthTest
DA:5,3
DA:6,3
DA:7,1
LF:3
LH:3
BRDA:6,0,0,1
BRDA:6,0,1,2
BRF:2
BRH:2
end_of_record
TN:
SF:src\validation\user-validate.js
FNF:0
FNH:0
DA:3,1
DA:13,1
LF:2
LH:2
BRF:0
BRH:0
end_of_record
TN:
SF:src\validation\validate.js
FN:3,(anonymous_0)
FNF:1
FNH:1
FNDA:7,(anonymous_0)
DA:3,1
DA:4,7
DA:6,7
DA:7,1
DA:9,6
LF:5
LH:5
BRDA:6,0,0,1
BRDA:6,0,1,6
BRF:2
BRH:2
end_of_record
