TN:
SF:src\application\prisma.js
FNF:0
FNH:0
DA:3,3
LF:1
LH:1
BRF:0
BRH:0
end_of_record
TN:
SF:src\application\web.js
FNF:0
FNH:0
DA:20,3
DA:21,3
DA:23,3
DA:24,3
DA:25,3
DA:26,3
DA:27,3
DA:28,3
DA:29,3
DA:30,3
DA:31,3
DA:33,3
DA:34,3
DA:35,3
DA:36,3
DA:37,3
DA:38,3
LF:17
LH:17
BRF:0
BRH:0
end_of_record
TN:
SF:src\config\cors.js
FNF:0
FNH:0
DA:1,3
LF:1
LH:1
BRF:0
BRH:0
end_of_record
TN:
SF:src\config\passport.js
FN:6,intializePassport
FN:8,(anonymous_1)
FN:19,(anonymous_2)
FN:31,(anonymous_3)
FNF:4
FNH:4
FNDA:3,intializePassport
FNDA:7,(anonymous_1)
FNDA:5,(anonymous_2)
FNDA:31,(anonymous_3)
DA:7,3
DA:9,7
DA:10,7
DA:11,1
DA:13,6
DA:14,1
DA:16,5
DA:19,3
DA:20,5
DA:26,5
DA:31,3
DA:32,31
DA:35,31
DA:36,0
DA:39,31
LF:15
LH:14
BRDA:10,0,0,1
BRDA:10,0,1,6
BRDA:13,1,0,1
BRDA:13,1,1,5
BRDA:35,2,0,0
BRDA:35,2,1,31
BRF:6
BRH:5
end_of_record
TN:
SF:src\config\rate-limit.js
FNF:0
FNH:0
DA:3,3
LF:1
LH:1
BRF:0
BRH:0
end_of_record
TN:
SF:src\config\session.js
FN:6,mysqlStore
FN:20,sessionConfig
FNF:2
FNH:1
FNDA:0,mysqlStore
FNDA:3,sessionConfig
DA:5,3
DA:7,0
DA:8,0
DA:17,0
DA:21,3
LF:5
LH:2
BRDA:27,0,0,3
BRDA:27,0,1,0
BRF:2
BRH:1
end_of_record
TN:
SF:src\controller\question-controller.js
FN:3,(anonymous_0)
FN:17,(anonymous_1)
FNF:2
FNH:2
FNDA:4,(anonymous_0)
FNDA:3,(anonymous_1)
DA:3,3
DA:4,4
DA:5,4
DA:6,1
DA:13,3
DA:17,3
DA:18,3
DA:19,3
DA:20,1
DA:29,2
LF:10
LH:10
BRF:0
BRH:0
end_of_record
TN:
SF:src\controller\subject-controller.js
FN:4,(anonymous_0)
FN:18,(anonymous_1)
FN:32,(anonymous_2)
FNF:3
FNH:3
FNDA:4,(anonymous_0)
FNDA:3,(anonymous_1)
FNDA:3,(anonymous_2)
DA:4,3
DA:5,4
DA:6,4
DA:7,2
DA:14,2
DA:18,3
DA:19,3
DA:20,3
DA:21,1
DA:28,2
DA:32,3
DA:33,3
DA:34,3
DA:35,3
DA:36,1
DA:38,2
DA:45,1
LF:17
LH:17
BRDA:35,0,0,1
BRDA:35,0,1,2
BRF:2
BRH:2
end_of_record
TN:
SF:src\controller\user-controller.js
FN:6,(anonymous_0)
FN:20,(anonymous_1)
FN:23,(anonymous_2)
FN:34,(anonymous_3)
FN:56,(anonymous_4)
FN:57,(anonymous_5)
FN:73,(anonymous_6)
FN:90,(anonymous_7)
FN:109,(anonymous_8)
FN:119,(anonymous_9)
FNF:10
FNH:10
FNDA:5,(anonymous_0)
FNDA:8,(anonymous_1)
FNDA:7,(anonymous_2)
FNDA:5,(anonymous_3)
FNDA:1,(anonymous_4)
FNDA:1,(anonymous_5)
FNDA:1,(anonymous_6)
FNDA:2,(anonymous_7)
FNDA:4,(anonymous_8)
FNDA:4,(anonymous_9)
DA:6,3
DA:7,5
DA:8,5
DA:9,2
DA:16,3
DA:20,3
DA:21,8
DA:22,8
DA:23,7
DA:24,7
DA:25,2
DA:34,5
DA:35,5
DA:36,0
DA:42,5
DA:43,5
DA:52,1
DA:56,3
DA:57,1
DA:58,1
DA:59,0
DA:63,1
DA:64,1
DA:65,1
DA:73,3
DA:74,1
DA:75,1
DA:76,1
DA:77,1
DA:86,0
DA:90,3
DA:91,2
DA:92,2
DA:96,1
DA:105,1
DA:109,3
DA:110,4
DA:111,4
DA:115,4
DA:120,4
DA:129,0
LF:41
LH:37
BRDA:24,0,0,2
BRDA:24,0,1,5
BRDA:35,1,0,0
BRDA:35,1,1,5
BRDA:58,2,0,0
BRDA:58,2,1,1
BRF:6
BRH:4
end_of_record
TN:
SF:src\error\ResponseError.js
FN:2,(anonymous_0)
FNF:1
FNH:1
FNDA:33,(anonymous_0)
DA:3,33
DA:4,33
DA:5,33
DA:6,33
DA:7,33
LF:5
LH:5
BRDA:6,0,0,33
BRDA:6,0,1,32
BRDA:7,1,0,33
BRDA:7,1,1,33
BRF:4
BRH:4
end_of_record
TN:
SF:src\middleware\adminAuthMiddleware.js
FN:3,(anonymous_0)
FNF:1
FNH:1
FNDA:12,(anonymous_0)
DA:3,3
DA:4,12
DA:5,12
DA:6,11
DA:8,1
LF:5
LH:5
BRDA:5,0,0,11
BRDA:5,0,1,1
BRDA:5,1,0,12
BRDA:5,1,1,12
BRF:4
BRH:4
end_of_record
TN:
SF:src\middleware\errorMiddleware.js
FN:3,errorMiddleware
FNF:1
FNH:1
FNDA:33,errorMiddleware
DA:4,33
DA:5,0
DA:7,33
DA:8,33
DA:16,0
DA:17,0
LF:6
LH:3
BRDA:4,0,0,0
BRDA:4,0,1,33
BRDA:7,1,0,33
BRDA:7,1,1,0
BRF:4
BRH:2
end_of_record
TN:
SF:src\middleware\jwtMiddleware.js
FN:4,jwtAuthMiddleware
FN:8,(anonymous_1)
FNF:2
FNH:2
FNDA:29,jwtAuthMiddleware
FNDA:29,(anonymous_1)
DA:5,29
DA:6,29
DA:8,29
DA:9,29
DA:10,7
DA:15,22
LF:6
LH:6
BRDA:9,0,0,7
BRDA:9,0,1,22
BRF:2
BRH:2
end_of_record
TN:
SF:src\middleware\passportMiddlewares.js
FN:3,passportAuthMiddleware
FN:10,ensureAuthenticated
FNF:2
FNH:2
FNDA:39,passportAuthMiddleware
FNDA:14,ensureAuthenticated
DA:4,39
DA:5,30
DA:7,9
DA:11,14
DA:12,1
DA:14,13
LF:6
LH:6
BRDA:4,0,0,30
BRDA:4,0,1,9
BRDA:11,1,0,1
BRDA:11,1,1,13
BRF:4
BRH:4
end_of_record
TN:
SF:src\routes\adminRoute.js
FNF:0
FNH:0
DA:5,3
DA:9,3
DA:10,3
DA:11,3
LF:4
LH:4
BRF:0
BRH:0
end_of_record
TN:
SF:src\routes\privateRoute.js
FNF:0
FNH:0
DA:6,3
DA:9,3
DA:10,3
DA:11,3
DA:16,3
LF:5
LH:5
BRF:0
BRH:0
end_of_record
TN:
SF:src\routes\publicRoute.js
FNF:0
FNH:0
DA:6,3
DA:9,3
DA:10,3
DA:11,3
DA:13,3
DA:15,3
LF:6
LH:6
BRF:0
BRH:0
end_of_record
TN:
SF:src\services\question-service.js
FN:9,(anonymous_0)
FN:35,(anonymous_1)
FNF:2
FNH:2
FNDA:4,(anonymous_0)
FNDA:3,(anonymous_1)
DA:9,3
DA:10,4
DA:12,3
DA:18,3
DA:19,1
DA:22,2
DA:28,2
DA:29,1
DA:32,1
DA:35,3
DA:36,3
DA:38,2
DA:43,2
DA:44,1
DA:46,1
LF:15
LH:15
BRDA:18,0,0,1
BRDA:18,0,1,2
BRDA:28,1,0,1
BRDA:28,1,1,1
BRDA:43,2,0,1
BRDA:43,2,1,1
BRF:6
BRH:6
end_of_record
TN:
SF:src\services\subject-service.js
FN:9,(anonymous_0)
FN:25,(anonymous_1)
FN:46,(anonymous_2)
FNF:3
FNH:3
FNDA:4,(anonymous_0)
FNDA:3,(anonymous_1)
FNDA:3,(anonymous_2)
DA:9,3
DA:10,4
DA:12,3
DA:15,3
DA:16,1
DA:19,2
DA:25,3
DA:26,3
DA:27,2
DA:30,2
DA:31,1
DA:34,1
DA:46,3
DA:47,3
LF:14
LH:14
BRDA:15,0,0,1
BRDA:15,0,1,2
BRDA:30,1,0,1
BRDA:30,1,1,1
BRF:4
BRH:4
end_of_record
TN:
SF:src\services\user-service.js
FN:17,(anonymous_0)
FN:39,(anonymous_1)
FN:43,(anonymous_2)
FN:48,(anonymous_3)
FN:56,(anonymous_4)
FN:58,(anonymous_5)
FN:65,(anonymous_6)
FN:78,(anonymous_7)
FNF:8
FNH:8
FNDA:5,(anonymous_0)
FNDA:8,(anonymous_1)
FNDA:1,(anonymous_2)
FNDA:2,(anonymous_3)
FNDA:4,(anonymous_4)
FNDA:10,(anonymous_5)
FNDA:4,(anonymous_6)
FNDA:4,(anonymous_7)
DA:15,3
DA:17,3
DA:18,5
DA:19,4
DA:20,3
DA:21,3
DA:22,1
DA:25,2
DA:26,2
DA:27,2
DA:29,2
DA:39,3
DA:40,8
DA:43,3
DA:44,1
DA:45,1
DA:48,3
DA:49,2
DA:50,1
DA:52,1
DA:56,1
DA:57,4
DA:58,10
DA:60,4
DA:61,2
DA:65,4
DA:67,1
DA:75,1
DA:78,3
DA:79,4
LF:30
LH:30
BRDA:21,0,0,1
BRDA:21,0,1,2
BRDA:60,1,0,2
BRDA:60,1,1,2
BRDA:60,2,0,4
BRDA:60,2,1,4
BRF:6
BRH:6
end_of_record
TN:
SF:src\utils\jwt.js
FN:6,createJwtToken
FN:16,generateTokenWithRefreshToken
FNF:2
FNH:2
FNDA:11,createJwtToken
FNDA:1,generateTokenWithRefreshToken
DA:5,3
DA:7,11
DA:13,11
DA:17,1
DA:18,1
DA:19,1
DA:21,0
LF:7
LH:6
BRDA:9,0,0,5
BRDA:9,0,1,6
BRDA:10,1,0,5
BRDA:10,1,1,6
BRF:4
BRH:4
end_of_record
TN:
SF:src\utils\passStrengthCheck.js
FN:4,passwordStrengthTest
FNF:1
FNH:1
FNDA:4,passwordStrengthTest
DA:5,4
DA:6,4
DA:7,1
LF:3
LH:3
BRDA:6,0,0,1
BRDA:6,0,1,3
BRF:2
BRH:2
end_of_record
TN:
SF:src\validation\question-validate.js
FNF:0
FNH:0
DA:3,3
DA:16,3
LF:2
LH:2
BRF:0
BRH:0
end_of_record
TN:
SF:src\validation\subject-validate.js
FNF:0
FNH:0
DA:3,3
DA:11,3
LF:2
LH:2
BRF:0
BRH:0
end_of_record
TN:
SF:src\validation\user-validate.js
FNF:0
FNH:0
DA:3,3
DA:13,3
DA:20,3
LF:3
LH:3
BRF:0
BRH:0
end_of_record
TN:
SF:src\validation\validate.js
FN:3,(anonymous_0)
FNF:1
FNH:1
FNDA:29,(anonymous_0)
DA:3,3
DA:4,29
DA:6,29
DA:7,7
DA:9,22
LF:5
LH:5
BRDA:6,0,0,7
BRDA:6,0,1,22
BRF:2
BRH:2
end_of_record
